<?xml version="1.0" encoding="UTF-8"?>
<testsuite name="physics2D.collisionDetectorTests" tests="3" skipped="0" failures="0" errors="0" timestamp="2020-12-31T03:28:56" hostname="LAPTOP-UDPPH953" time="0.015">
  <properties/>
  <testcase name="pointOnLine2DShouldReturnTrueTest" classname="physics2D.collisionDetectorTests" time="0.013"/>
  <testcase name="pointOnLine2DShouldReturnTrueTestTwo" classname="physics2D.collisionDetectorTests" time="0.0"/>
  <testcase name="pointOnVerticalLineShouldReturnTrue" classname="physics2D.collisionDetectorTests" time="0.002"/>
  <system-out><![CDATA[]]></system-out>
  <system-err><![CDATA[]]></system-err>
</testsuite>
